<?xml version="1.0" encoding="UTF-8"?>
<!-- Generated by org.testng.reporters.JUnitReportReporter -->
<testsuite hostname="DESKTOP-Q63VUBD" failures="0" tests="1" name="com.Actitime.TestScripts.TaskTest" time="11.992" errors="0" timestamp="2023-03-31T20:39:14 IST" skipped="0">
  <testcase classname="com.Actitime.TestScripts.TaskTest" name="createCustomer" time="11.992"/>
  <system-out/>
</testsuite> <!-- com.Actitime.TestScripts.TaskTest -->
